{"C:\\Users\\Alexis Barrera\\Desktop\\Alexis\\pruebas-react-alexis\\src\\helpers\\math.helpers.ts": {"path":"C:\\Users\\Alexis Barrera\\Desktop\\Alexis\\pruebas-react-alexis\\src\\helpers\\math.helpers.ts","statementMap":{"0":{"start":{"line":1,"column":19},"end":{"line":4,"column":null}},"1":{"start":{"line":3,"column":4},"end":{"line":3,"column":null}},"2":{"start":{"line":6,"column":25},"end":{"line":8,"column":null}},"3":{"start":{"line":7,"column":4},"end":{"line":7,"column":null}},"4":{"start":{"line":10,"column":24},"end":{"line":12,"column":null}},"5":{"start":{"line":11,"column":4},"end":{"line":11,"column":null}},"6":{"start":{"line":14,"column":22},"end":{"line":16,"column":null}},"7":{"start":{"line":15,"column":4},"end":{"line":15,"column":null}}},"fnMap":{"0":{"name":"(anonymous_0)","decl":{"start":{"line":1,"column":19},"end":{"line":1,"column":20}},"loc":{"start":{"line":1,"column":31},"end":{"line":4,"column":null}},"line":1},"1":{"name":"(anonymous_1)","decl":{"start":{"line":6,"column":25},"end":{"line":6,"column":26}},"loc":{"start":{"line":6,"column":37},"end":{"line":8,"column":null}},"line":6},"2":{"name":"(anonymous_2)","decl":{"start":{"line":10,"column":24},"end":{"line":10,"column":25}},"loc":{"start":{"line":10,"column":36},"end":{"line":12,"column":null}},"line":10},"3":{"name":"(anonymous_3)","decl":{"start":{"line":14,"column":22},"end":{"line":14,"column":23}},"loc":{"start":{"line":14,"column":34},"end":{"line":16,"column":null}},"line":14}},"branchMap":{},"s":{"0":1,"1":2,"2":1,"3":2,"4":1,"5":2,"6":1,"7":2},"f":{"0":2,"1":2,"2":2,"3":2},"b":{},"meta":{"lastBranch":0,"lastFunction":4,"lastStatement":8,"seen":{"s:1:19:4:Infinity":0,"f:1:19:1:20":0,"s:3:4:3:Infinity":1,"s:6:25:8:Infinity":2,"f:6:25:6:26":1,"s:7:4:7:Infinity":3,"s:10:24:12:Infinity":4,"f:10:24:10:25":2,"s:11:4:11:Infinity":5,"s:14:22:16:Infinity":6,"f:14:22:14:23":3,"s:15:4:15:Infinity":7}}}
,"C:\\Users\\Alexis Barrera\\Desktop\\Alexis\\pruebas-react-alexis\\src\\shopping-cart\\ItemCounter.css": {"path":"C:\\Users\\Alexis Barrera\\Desktop\\Alexis\\pruebas-react-alexis\\src\\shopping-cart\\ItemCounter.css","statementMap":{},"fnMap":{},"branchMap":{},"s":{},"f":{},"b":{},"meta":{"lastBranch":0,"lastFunction":0,"lastStatement":0,"seen":{}}}
,"C:\\Users\\Alexis Barrera\\Desktop\\Alexis\\pruebas-react-alexis\\src\\shopping-cart\\ItemCounter.tsx": {"path":"C:\\Users\\Alexis Barrera\\Desktop\\Alexis\\pruebas-react-alexis\\src\\shopping-cart\\ItemCounter.tsx","statementMap":{"0":{"start":{"line":11,"column":27},"end":{"line":38,"column":null}},"1":{"start":{"line":14,"column":27},"end":{"line":14,"column":null}},"2":{"start":{"line":17,"column":22},"end":{"line":21,"column":null}},"3":{"start":{"line":18,"column":8},"end":{"line":18,"column":null}},"4":{"start":{"line":20,"column":8},"end":{"line":20,"column":null}},"5":{"start":{"line":23,"column":27},"end":{"line":26,"column":null}},"6":{"start":{"line":24,"column":8},"end":{"line":24,"column":48}},"7":{"start":{"line":24,"column":40},"end":{"line":24,"column":48}},"8":{"start":{"line":25,"column":8},"end":{"line":25,"column":null}},"9":{"start":{"line":28,"column":4},"end":{"line":35,"column":null}},"10":{"start":{"line":31,"column":35},"end":{"line":31,"column":49}},"11":{"start":{"line":32,"column":35},"end":{"line":32,"column":49}},"12":{"start":{"line":34,"column":35},"end":{"line":34,"column":54}},"13":{"start":{"line":35,"column":35},"end":{"line":35,"column":54}}},"fnMap":{"0":{"name":"(anonymous_0)","decl":{"start":{"line":11,"column":27},"end":{"line":11,"column":28}},"loc":{"start":{"line":11,"column":68},"end":{"line":38,"column":null}},"line":11},"1":{"name":"(anonymous_1)","decl":{"start":{"line":17,"column":22},"end":{"line":17,"column":23}},"loc":{"start":{"line":17,"column":23},"end":{"line":21,"column":null}},"line":17},"2":{"name":"(anonymous_2)","decl":{"start":{"line":23,"column":27},"end":{"line":23,"column":28}},"loc":{"start":{"line":23,"column":28},"end":{"line":26,"column":null}},"line":23},"3":{"name":"(anonymous_3)","decl":{"start":{"line":31,"column":29},"end":{"line":31,"column":35}},"loc":{"start":{"line":31,"column":35},"end":{"line":31,"column":49}},"line":31},"4":{"name":"(anonymous_4)","decl":{"start":{"line":32,"column":29},"end":{"line":32,"column":35}},"loc":{"start":{"line":32,"column":35},"end":{"line":32,"column":49}},"line":32},"5":{"name":"(anonymous_5)","decl":{"start":{"line":34,"column":29},"end":{"line":34,"column":35}},"loc":{"start":{"line":34,"column":35},"end":{"line":34,"column":54}},"line":34},"6":{"name":"(anonymous_6)","decl":{"start":{"line":35,"column":29},"end":{"line":35,"column":35}},"loc":{"start":{"line":35,"column":35},"end":{"line":35,"column":54}},"line":35}},"branchMap":{"0":{"loc":{"start":{"line":11,"column":36},"end":{"line":11,"column":48}},"type":"default-arg","locations":[{"start":{"line":11,"column":47},"end":{"line":11,"column":48}}],"line":11},"1":{"loc":{"start":{"line":24,"column":8},"end":{"line":24,"column":48}},"type":"if","locations":[{"start":{"line":24,"column":8},"end":{"line":24,"column":48}},{"start":{},"end":{}}],"line":24},"2":{"loc":{"start":{"line":24,"column":12},"end":{"line":24,"column":40}},"type":"binary-expr","locations":[{"start":{"line":24,"column":12},"end":{"line":24,"column":27}},{"start":{"line":24,"column":27},"end":{"line":24,"column":40}}],"line":24},"3":{"loc":{"start":{"line":30,"column":56},"end":{"line":30,"column":101}},"type":"cond-expr","locations":[{"start":{"line":30,"column":85},"end":{"line":30,"column":93}},{"start":{"line":30,"column":93},"end":{"line":30,"column":101}}],"line":30},"4":{"loc":{"start":{"line":30,"column":56},"end":{"line":30,"column":85}},"type":"binary-expr","locations":[{"start":{"line":30,"column":56},"end":{"line":30,"column":71}},{"start":{"line":30,"column":71},"end":{"line":30,"column":85}}],"line":30}},"s":{"0":1,"1":13,"2":13,"3":2,"4":2,"5":13,"6":3,"7":1,"8":2,"9":13,"10":1,"11":1,"12":1,"13":2},"f":{"0":13,"1":2,"2":3,"3":1,"4":1,"5":1,"6":2},"b":{"0":[13],"1":[1,2],"2":[3,2],"3":[5,8],"4":[13,8]},"meta":{"lastBranch":5,"lastFunction":7,"lastStatement":14,"seen":{"s:11:27:38:Infinity":0,"f:11:27:11:28":0,"b:11:47:11:48":0,"s:14:27:14:Infinity":1,"s:17:22:21:Infinity":2,"f:17:22:17:23":1,"s:18:8:18:Infinity":3,"s:20:8:20:Infinity":4,"s:23:27:26:Infinity":5,"f:23:27:23:28":2,"b:24:8:24:48:undefined:undefined:undefined:undefined":1,"s:24:8:24:48":6,"b:24:12:24:27:24:27:24:40":2,"s:24:40:24:48":7,"s:25:8:25:Infinity":8,"s:28:4:35:Infinity":9,"b:30:85:30:93:30:93:30:101":3,"b:30:56:30:71:30:71:30:85":4,"f:31:29:31:35":3,"s:31:35:31:49":10,"f:32:29:32:35":4,"s:32:35:32:49":11,"f:34:29:34:35":5,"s:34:35:34:54":12,"f:35:29:35:35":6,"s:35:35:35:54":13}}}
,"C:\\Users\\Alexis Barrera\\Desktop\\Alexis\\pruebas-react-alexis\\src\\window\\MyPersonalizedWindow.tsx": {"path":"C:\\Users\\Alexis Barrera\\Desktop\\Alexis\\pruebas-react-alexis\\src\\window\\MyPersonalizedWindow.tsx","statementMap":{"0":{"start":{"line":7,"column":13},"end":{"line":7,"column":null}},"1":{"start":{"line":9,"column":24},"end":{"line":12,"column":null}},"2":{"start":{"line":14,"column":32},"end":{"line":22,"column":null}},"3":{"start":{"line":24,"column":30},"end":{"line":29,"column":null}},"4":{"start":{"line":35,"column":26},"end":{"line":39,"column":null}},"5":{"start":{"line":41,"column":36},"end":{"line":67,"column":null}},"6":{"start":{"line":43,"column":4},"end":{"line":61,"column":55}},"7":{"start":{"line":60,"column":57},"end":{"line":61,"column":55}}},"fnMap":{"0":{"name":"(anonymous_0)","decl":{"start":{"line":41,"column":36},"end":{"line":41,"column":null}},"loc":{"start":{"line":41,"column":36},"end":{"line":67,"column":null}},"line":41},"1":{"name":"(anonymous_1)","decl":{"start":{"line":60,"column":31},"end":{"line":60,"column":32}},"loc":{"start":{"line":60,"column":57},"end":{"line":61,"column":55}},"line":60}},"branchMap":{},"s":{"0":1,"1":1,"2":1,"3":1,"4":1,"5":1,"6":6,"7":18},"f":{"0":6,"1":18},"b":{},"meta":{"lastBranch":0,"lastFunction":2,"lastStatement":8,"seen":{"s:7:13:7:Infinity":0,"s:9:24:12:Infinity":1,"s:14:32:22:Infinity":2,"s:24:30:29:Infinity":3,"s:35:26:39:Infinity":4,"s:41:36:67:Infinity":5,"f:41:36:41:Infinity":0,"s:43:4:61:55":6,"f:60:31:60:32":1,"s:60:57:61:55":7}}}
}
