<?xml version="1.0" encoding="UTF-8"?>
<coverage generated="1772010854135" clover="3.2.0">
  <project timestamp="1772010854135" name="All files">
    <metrics statements="29" coveredstatements="29" conditionals="9" coveredconditionals="9" methods="13" coveredmethods="13" elements="51" coveredelements="51" complexity="0" loc="29" ncloc="29" packages="3" files="4" classes="4"/>
    <package name="helpers">
      <metrics statements="8" coveredstatements="8" conditionals="0" coveredconditionals="0" methods="4" coveredmethods="4"/>
      <file name="math.helpers.ts" path="C:\Users\Alexis Barrera\Desktop\Alexis\pruebas-react-alexis\src\helpers\math.helpers.ts">
        <metrics statements="8" coveredstatements="8" conditionals="0" coveredconditionals="0" methods="4" coveredmethods="4"/>
        <line num="1" count="1" type="stmt"/>
        <line num="3" count="2" type="stmt"/>
        <line num="6" count="1" type="stmt"/>
        <line num="7" count="2" type="stmt"/>
        <line num="10" count="1" type="stmt"/>
        <line num="11" count="2" type="stmt"/>
        <line num="14" count="1" type="stmt"/>
        <line num="15" count="2" type="stmt"/>
      </file>
    </package>
    <package name="shopping-cart">
      <metrics statements="13" coveredstatements="13" conditionals="9" coveredconditionals="9" methods="7" coveredmethods="7"/>
      <file name="ItemCounter.css" path="C:\Users\Alexis Barrera\Desktop\Alexis\pruebas-react-alexis\src\shopping-cart\ItemCounter.css">
        <metrics statements="0" coveredstatements="0" conditionals="0" coveredconditionals="0" methods="0" coveredmethods="0"/>
      </file>
      <file name="ItemCounter.tsx" path="C:\Users\Alexis Barrera\Desktop\Alexis\pruebas-react-alexis\src\shopping-cart\ItemCounter.tsx">
        <metrics statements="13" coveredstatements="13" conditionals="9" coveredconditionals="9" methods="7" coveredmethods="7"/>
        <line num="11" count="1" type="cond" truecount="1" falsecount="0"/>
        <line num="14" count="13" type="stmt"/>
        <line num="17" count="13" type="stmt"/>
        <line num="18" count="2" type="stmt"/>
        <line num="20" count="2" type="stmt"/>
        <line num="23" count="13" type="stmt"/>
        <line num="24" count="3" type="cond" truecount="4" falsecount="0"/>
        <line num="25" count="2" type="stmt"/>
        <line num="28" count="13" type="stmt"/>
        <line num="31" count="1" type="stmt"/>
        <line num="32" count="1" type="stmt"/>
        <line num="34" count="1" type="stmt"/>
        <line num="35" count="2" type="stmt"/>
      </file>
    </package>
    <package name="window">
      <metrics statements="8" coveredstatements="8" conditionals="0" coveredconditionals="0" methods="2" coveredmethods="2"/>
      <file name="MyPersonalizedWindow.tsx" path="C:\Users\Alexis Barrera\Desktop\Alexis\pruebas-react-alexis\src\window\MyPersonalizedWindow.tsx">
        <metrics statements="8" coveredstatements="8" conditionals="0" coveredconditionals="0" methods="2" coveredmethods="2"/>
        <line num="7" count="1" type="stmt"/>
        <line num="9" count="1" type="stmt"/>
        <line num="14" count="1" type="stmt"/>
        <line num="24" count="1" type="stmt"/>
        <line num="35" count="1" type="stmt"/>
        <line num="41" count="1" type="stmt"/>
        <line num="43" count="6" type="stmt"/>
        <line num="60" count="18" type="stmt"/>
      </file>
    </package>
  </project>
</coverage>
